<?xml version="1.0" encoding="UTF-8"?>
<testsuite xmlns:xsi="http://www.w3.org/2001/XMLSchema-instance" xsi:noNamespaceSchemaLocation="https://maven.apache.org/surefire/maven-surefire-plugin/xsd/surefire-test-report-3.0.xsd" version="3.0" name="com.microservices.employeeservice.EmployeeServiceApplicationTests" time="9.975" tests="1" errors="0" skipped="0" failures="0">
  <properties>
[...]
</properties>
  <testcase name="contextLoads" classname="com.microservices.employeeservice.EmployeeServiceApplicationTests" time="0.531">
    <system-out><![CDATA[23:59:08.925 [main] INFO org.springframework.test.context.support.AnnotationConfigContextLoaderUtils -- Could not detect default configuration classes for test class [com.microservices.employeeservice.EmployeeServiceApplicationTests]: EmployeeServiceApplicationTests does not declare any static, non-private, non-final, nested classes annotated with @Configuration.
23:59:09.112 [main] INFO org.springframework.boot.test.context.SpringBootTestContextBootstrapper -- Found @SpringBootConfiguration com.microservices.employeeservice.EmployeeServiceApplication for test class com.microservices.employeeservice.EmployeeServiceApplicationTests

  .   ____          _            __ _ _
 /\\ / ___'_ __ _ _(_)_ __  __ _ \ \ \ \
( ( )\___ | '_ | '_| | '_ \/ _` | \ \ \ \
 \\/  ___)| |_)| | | | | || (_| |  ) ) ) )
  '  |____| .__|_| |_|_| |_\__, | / / / /
 =========|_|==============|___/=/_/_/_/
 :: Spring Boot ::                (v3.2.1)

2024-01-27T23:59:10.717-03:00  INFO [EMPLOYEE-SERVICE,,] 59875 --- [EMPLOYEE-SERVICE] [           main] [                                                 ] c.m.e.EmployeeServiceApplicationTests    : Starting EmployeeServiceApplicationTests using Java 17 with PID 59875 (started by danilo in /home/danilo/Documentos/Projetos/microservices-em-spring/employee-service)
2024-01-27T23:59:10.719-03:00  INFO [EMPLOYEE-SERVICE,,] 59875 --- [EMPLOYEE-SERVICE] [           main] [                                                 ] c.m.e.EmployeeServiceApplicationTests    : No active profile set, falling back to 1 default profile: "default"
2024-01-27T23:59:10.745-03:00  INFO [EMPLOYEE-SERVICE,,] 59875 --- [EMPLOYEE-SERVICE] [           main] [                                                 ] o.s.c.c.c.ConfigServerConfigDataLoader   : Fetching config from server at : http://localhost:8888
2024-01-27T23:59:10.745-03:00  INFO [EMPLOYEE-SERVICE,,] 59875 --- [EMPLOYEE-SERVICE] [           main] [                                                 ] o.s.c.c.c.ConfigServerConfigDataLoader   : Located environment: name=EMPLOYEE-SERVICE, profiles=[default], label=null, version=6c5da219c50f6947b366e6c7fac8903d0ccc5ae8, state=null
2024-01-27T23:59:10.747-03:00 DEBUG [EMPLOYEE-SERVICE,,] 59875 --- [EMPLOYEE-SERVICE] [           main] [                                                 ] o.s.w.c.s.GenericWebApplicationContext   : Refreshing org.springframework.web.context.support.GenericWebApplicationContext@c6da8bb
2024-01-27T23:59:11.726-03:00  INFO [EMPLOYEE-SERVICE,,] 59875 --- [EMPLOYEE-SERVICE] [           main] [                                                 ] .s.d.r.c.RepositoryConfigurationDelegate : Bootstrapping Spring Data JPA repositories in DEFAULT mode.
2024-01-27T23:59:11.835-03:00  INFO [EMPLOYEE-SERVICE,,] 59875 --- [EMPLOYEE-SERVICE] [           main] [                                                 ] .s.d.r.c.RepositoryConfigurationDelegate : Finished Spring Data repository scanning in 103 ms. Found 1 JPA repository interface.
2024-01-27T23:59:12.061-03:00  INFO [EMPLOYEE-SERVICE,,] 59875 --- [EMPLOYEE-SERVICE] [           main] [                                                 ] faultConfiguringBeanFactoryPostProcessor : No bean named 'errorChannel' has been explicitly defined. Therefore, a default PublishSubscribeChannel will be created.
2024-01-27T23:59:12.068-03:00  INFO [EMPLOYEE-SERVICE,,] 59875 --- [EMPLOYEE-SERVICE] [           main] [                                                 ] faultConfiguringBeanFactoryPostProcessor : No bean named 'integrationHeaderChannelRegistry' has been explicitly defined. Therefore, a default DefaultHeaderChannelRegistry will be created.
2024-01-27T23:59:12.180-03:00  INFO [EMPLOYEE-SERVICE,,] 59875 --- [EMPLOYEE-SERVICE] [           main] [                                                 ] o.s.cloud.context.scope.GenericScope     : BeanFactory id=eedc47c0-a98c-3b62-b14f-6225ed8b1c6d
2024-01-27T23:59:12.504-03:00  WARN [EMPLOYEE-SERVICE,,] 59875 --- [EMPLOYEE-SERVICE] [           main] [                                                 ] trationDelegate$BeanPostProcessorChecker : Bean 'org.springframework.cloud.client.loadbalancer.LoadBalancerAutoConfiguration$RetryInterceptorAutoConfiguration' of type [org.springframework.cloud.client.loadbalancer.LoadBalancerAutoConfiguration$RetryInterceptorAutoConfiguration] is not eligible for getting processed by all BeanPostProcessors (for example: not eligible for auto-proxying). The currently created BeanPostProcessor [lbRestClientPostProcessor] is declared through a non-static factory method on that class; consider declaring it as static instead.
2024-01-27T23:59:12.509-03:00  WARN [EMPLOYEE-SERVICE,,] 59875 --- [EMPLOYEE-SERVICE] [           main] [                                                 ] trationDelegate$BeanPostProcessorChecker : Bean 'org.springframework.cloud.loadbalancer.config.BlockingLoadBalancerClientAutoConfiguration' of type [org.springframework.cloud.loadbalancer.config.BlockingLoadBalancerClientAutoConfiguration] is not eligible for getting processed by all BeanPostProcessors (for example: not eligible for auto-proxying). Is this bean getting eagerly injected into a currently created BeanPostProcessor [lbRestClientPostProcessor]? Check the corresponding BeanPostProcessor declaration and its dependencies.
2024-01-27T23:59:12.512-03:00  WARN [EMPLOYEE-SERVICE,,] 59875 --- [EMPLOYEE-SERVICE] [           main] [                                                 ] trationDelegate$BeanPostProcessorChecker : Bean 'org.springframework.cloud.loadbalancer.config.LoadBalancerAutoConfiguration' of type [org.springframework.cloud.loadbalancer.config.LoadBalancerAutoConfiguration] is not eligible for getting processed by all BeanPostProcessors (for example: not eligible for auto-proxying). Is this bean getting eagerly injected into a currently created BeanPostProcessor [lbRestClientPostProcessor]? Check the corresponding BeanPostProcessor declaration and its dependencies.
2024-01-27T23:59:12.522-03:00  WARN [EMPLOYEE-SERVICE,,] 59875 --- [EMPLOYEE-SERVICE] [           main] [                                                 ] trationDelegate$BeanPostProcessorChecker : Bean 'org.springframework.cloud.stream.config.BindersHealthIndicatorAutoConfiguration' of type [org.springframework.cloud.stream.config.BindersHealthIndicatorAutoConfiguration] is not eligible for getting processed by all BeanPostProcessors (for example: not eligible for auto-proxying). Is this bean getting eagerly injected into a currently created BeanPostProcessor [lbRestClientPostProcessor]? Check the corresponding BeanPostProcessor declaration and its dependencies.
2024-01-27T23:59:12.525-03:00  WARN [EMPLOYEE-SERVICE,,] 59875 --- [EMPLOYEE-SERVICE] [           main] [                                                 ] trationDelegate$BeanPostProcessorChecker : Bean 'bindersHealthContributor' of type [org.springframework.cloud.stream.config.BindersHealthIndicatorAutoConfiguration$BindersHealthContributor] is not eligible for getting processed by all BeanPostProcessors (for example: not eligible for auto-proxying). Is this bean getting eagerly injected into a currently created BeanPostProcessor [lbRestClientPostProcessor]? Check the corresponding BeanPostProcessor declaration and its dependencies.
2024-01-27T23:59:12.530-03:00  WARN [EMPLOYEE-SERVICE,,] 59875 --- [EMPLOYEE-SERVICE] [           main] [                                                 ] trationDelegate$BeanPostProcessorChecker : Bean 'bindersHealthIndicatorListener' of type [org.springframework.cloud.stream.config.BindersHealthIndicatorAutoConfiguration$BindersHealthIndicatorListener] is not eligible for getting processed by all BeanPostProcessors (for example: not eligible for auto-proxying). Is this bean getting eagerly injected into a currently created BeanPostProcessor [lbRestClientPostProcessor]? Check the corresponding BeanPostProcessor declaration and its dependencies.
2024-01-27T23:59:12.535-03:00  WARN [EMPLOYEE-SERVICE,,] 59875 --- [EMPLOYEE-SERVICE] [           main] [                                                 ] trationDelegate$BeanPostProcessorChecker : Bean 'org.springframework.cloud.stream.binder.rabbit.config.ExtendedBindingHandlerMappingsProviderConfiguration' of type [org.springframework.cloud.stream.binder.rabbit.config.ExtendedBindingHandlerMappingsProviderConfiguration] is not eligible for getting processed by all BeanPostProcessors (for example: not eligible for auto-proxying). Is this bean getting eagerly injected into a currently created BeanPostProcessor [lbRestClientPostProcessor]? Check the corresponding BeanPostProcessor declaration and its dependencies.
2024-01-27T23:59:12.537-03:00  WARN [EMPLOYEE-SERVICE,,] 59875 --- [EMPLOYEE-SERVICE] [           main] [                                                 ] trationDelegate$BeanPostProcessorChecker : Bean 'rabbitExtendedPropertiesDefaultMappingsProvider' of type [org.springframework.cloud.stream.binder.rabbit.config.ExtendedBindingHandlerMappingsProviderConfiguration$$Lambda$1065/0x00000008011ebf88] is not eligible for getting processed by all BeanPostProcessors (for example: not eligible for auto-proxying). Is this bean getting eagerly injected into a currently created BeanPostProcessor [lbRestClientPostProcessor]? Check the corresponding BeanPostProcessor declaration and its dependencies.
2024-01-27T23:59:12.541-03:00  WARN [EMPLOYEE-SERVICE,,] 59875 --- [EMPLOYEE-SERVICE] [           main] [                                                 ] trationDelegate$BeanPostProcessorChecker : Bean 'BindingHandlerAdvise' of type [org.springframework.cloud.stream.config.BindingHandlerAdvise] is not eligible for getting processed by all BeanPostProcessors (for example: not eligible for auto-proxying). Is this bean getting eagerly injected into a currently created BeanPostProcessor [lbRestClientPostProcessor]? Check the corresponding BeanPostProcessor declaration and its dependencies.
2024-01-27T23:59:12.542-03:00  WARN [EMPLOYEE-SERVICE,,] 59875 --- [EMPLOYEE-SERVICE] [           main] [                                                 ] trationDelegate$BeanPostProcessorChecker : Bean 'org.springframework.cloud.commons.config.CommonsConfigAutoConfiguration' of type [org.springframework.cloud.commons.config.CommonsConfigAutoConfiguration] is not eligible for getting processed by all BeanPostProcessors (for example: not eligible for auto-proxying). Is this bean getting eagerly injected into a currently created BeanPostProcessor [lbRestClientPostProcessor]? Check the corresponding BeanPostProcessor declaration and its dependencies.
2024-01-27T23:59:12.545-03:00  WARN [EMPLOYEE-SERVICE,,] 59875 --- [EMPLOYEE-SERVICE] [           main] [                                                 ] trationDelegate$BeanPostProcessorChecker : Bean 'org.springframework.cloud.client.loadbalancer.LoadBalancerDefaultMappingsProviderAutoConfiguration' of type [org.springframework.cloud.client.loadbalancer.LoadBalancerDefaultMappingsProviderAutoConfiguration] is not eligible for getting processed by all BeanPostProcessors (for example: not eligible for auto-proxying). Is this bean getting eagerly injected into a currently created BeanPostProcessor [lbRestClientPostProcessor]? Check the corresponding BeanPostProcessor declaration and its dependencies.
2024-01-27T23:59:12.546-03:00  WARN [EMPLOYEE-SERVICE,,] 59875 --- [EMPLOYEE-SERVICE] [           main] [                                                 ] trationDelegate$BeanPostProcessorChecker : Bean 'loadBalancerClientsDefaultsMappingsProvider' of type [org.springframework.cloud.client.loadbalancer.LoadBalancerDefaultMappingsProviderAutoConfiguration$$Lambda$1066/0x00000008011ec1a8] is not eligible for getting processed by all BeanPostProcessors (for example: not eligible for auto-proxying). Is this bean getting eagerly injected into a currently created BeanPostProcessor [lbRestClientPostProcessor]? Check the corresponding BeanPostProcessor declaration and its dependencies.
2024-01-27T23:59:12.549-03:00  WARN [EMPLOYEE-SERVICE,,] 59875 --- [EMPLOYEE-SERVICE] [           main] [                                                 ] trationDelegate$BeanPostProcessorChecker : Bean 'defaultsBindHandlerAdvisor' of type [org.springframework.cloud.commons.config.DefaultsBindHandlerAdvisor] is not eligible for getting processed by all BeanPostProcessors (for example: not eligible for auto-proxying). Is this bean getting eagerly injected into a currently created BeanPostProcessor [lbRestClientPostProcessor]? Check the corresponding BeanPostProcessor declaration and its dependencies.
2024-01-27T23:59:12.570-03:00  WARN [EMPLOYEE-SERVICE,,] 59875 --- [EMPLOYEE-SERVICE] [           main] [                                                 ] trationDelegate$BeanPostProcessorChecker : Bean 'spelConverter' of type [org.springframework.cloud.stream.config.SpelExpressionConverterConfiguration$SpelConverter] is not eligible for getting processed by all BeanPostProcessors (for example: not eligible for auto-proxying). Is this bean getting eagerly injected into a currently created BeanPostProcessor [lbRestClientPostProcessor]? Check the corresponding BeanPostProcessor declaration and its dependencies.
2024-01-27T23:59:12.577-03:00  WARN [EMPLOYEE-SERVICE,,] 59875 --- [EMPLOYEE-SERVICE] [           main] [                                                 ] trationDelegate$BeanPostProcessorChecker : Bean 'spring.cloud.loadbalancer-org.springframework.cloud.client.loadbalancer.LoadBalancerClientsProperties' of type [org.springframework.cloud.client.loadbalancer.LoadBalancerClientsProperties] is not eligible for getting processed by all BeanPostProcessors (for example: not eligible for auto-proxying). Is this bean getting eagerly injected into a currently created BeanPostProcessor [lbRestClientPostProcessor]? Check the corresponding BeanPostProcessor declaration and its dependencies.
2024-01-27T23:59:12.586-03:00  WARN [EMPLOYEE-SERVICE,,] 59875 --- [EMPLOYEE-SERVICE] [           main] [                                                 ] trationDelegate$BeanPostProcessorChecker : Bean 'default.org.springframework.cloud.loadbalancer.config.LoadBalancerAutoConfiguration.LoadBalancerClientSpecification' of type [org.springframework.cloud.loadbalancer.annotation.LoadBalancerClientSpecification] is not eligible for getting processed by all BeanPostProcessors (for example: not eligible for auto-proxying). Is this bean getting eagerly injected into a currently created BeanPostProcessor [lbRestClientPostProcessor]? Check the corresponding BeanPostProcessor declaration and its dependencies.
2024-01-27T23:59:12.589-03:00  WARN [EMPLOYEE-SERVICE,,] 59875 --- [EMPLOYEE-SERVICE] [           main] [                                                 ] trationDelegate$BeanPostProcessorChecker : Bean 'default.org.springframework.cloud.loadbalancer.config.BlockingLoadBalancerClientAutoConfiguration.LoadBalancerClientSpecification' of type [org.springframework.cloud.loadbalancer.annotation.LoadBalancerClientSpecification] is not eligible for getting processed by all BeanPostProcessors (for example: not eligible for auto-proxying). Is this bean getting eagerly injected into a currently created BeanPostProcessor [lbRestClientPostProcessor]? Check the corresponding BeanPostProcessor declaration and its dependencies.
2024-01-27T23:59:12.589-03:00  WARN [EMPLOYEE-SERVICE,,] 59875 --- [EMPLOYEE-SERVICE] [           main] [                                                 ] trationDelegate$BeanPostProcessorChecker : Bean 'default.org.springframework.cloud.netflix.eureka.loadbalancer.LoadBalancerEurekaAutoConfiguration.LoadBalancerClientSpecification' of type [org.springframework.cloud.loadbalancer.annotation.LoadBalancerClientSpecification] is not eligible for getting processed by all BeanPostProcessors (for example: not eligible for auto-proxying). Is this bean getting eagerly injected into a currently created BeanPostProcessor [lbRestClientPostProcessor]? Check the corresponding BeanPostProcessor declaration and its dependencies.
2024-01-27T23:59:12.590-03:00  WARN [EMPLOYEE-SERVICE,,] 59875 --- [EMPLOYEE-SERVICE] [           main] [                                                 ] trationDelegate$BeanPostProcessorChecker : Bean 'loadBalancerClientFactory' of type [org.springframework.cloud.loadbalancer.support.LoadBalancerClientFactory] is not eligible for getting processed by all BeanPostProcessors (for example: not eligible for auto-proxying). Is this bean getting eagerly injected into a currently created BeanPostProcessor [lbRestClientPostProcessor]? Check the corresponding BeanPostProcessor declaration and its dependencies.
2024-01-27T23:59:12.598-03:00  WARN [EMPLOYEE-SERVICE,,] 59875 --- [EMPLOYEE-SERVICE] [           main] [                                                 ] trationDelegate$BeanPostProcessorChecker : Bean 'blockingLoadBalancerClient' of type [org.springframework.cloud.loadbalancer.blocking.client.BlockingLoadBalancerClient] is not eligible for getting processed by all BeanPostProcessors (for example: not eligible for auto-proxying). Is this bean getting eagerly injected into a currently created BeanPostProcessor [lbRestClientPostProcessor]? Check the corresponding BeanPostProcessor declaration and its dependencies.
2024-01-27T23:59:12.607-03:00  WARN [EMPLOYEE-SERVICE,,] 59875 --- [EMPLOYEE-SERVICE] [           main] [                                                 ] trationDelegate$BeanPostProcessorChecker : Bean 'loadBalancerServiceInstanceCookieTransformer' of type [org.springframework.cloud.loadbalancer.core.LoadBalancerServiceInstanceCookieTransformer] is not eligible for getting processed by all BeanPostProcessors (for example: not eligible for auto-proxying). Is this bean getting eagerly injected into a currently created BeanPostProcessor [lbRestClientPostProcessor]? Check the corresponding BeanPostProcessor declaration and its dependencies.
2024-01-27T23:59:12.610-03:00  WARN [EMPLOYEE-SERVICE,,] 59875 --- [EMPLOYEE-SERVICE] [           main] [                                                 ] trationDelegate$BeanPostProcessorChecker : Bean 'xForwarderHeadersTransformer' of type [org.springframework.cloud.loadbalancer.blocking.XForwardedHeadersTransformer] is not eligible for getting processed by all BeanPostProcessors (for example: not eligible for auto-proxying). Is this bean getting eagerly injected into a currently created BeanPostProcessor [lbRestClientPostProcessor]? Check the corresponding BeanPostProcessor declaration and its dependencies.
2024-01-27T23:59:12.612-03:00  WARN [EMPLOYEE-SERVICE,,] 59875 --- [EMPLOYEE-SERVICE] [           main] [                                                 ] trationDelegate$BeanPostProcessorChecker : Bean 'org.springframework.cloud.client.loadbalancer.LoadBalancerAutoConfiguration' of type [org.springframework.cloud.client.loadbalancer.LoadBalancerAutoConfiguration] is not eligible for getting processed by all BeanPostProcessors (for example: not eligible for auto-proxying). Is this bean getting eagerly injected into a currently created BeanPostProcessor [lbRestClientPostProcessor]? Check the corresponding BeanPostProcessor declaration and its dependencies.
2024-01-27T23:59:12.615-03:00  WARN [EMPLOYEE-SERVICE,,] 59875 --- [EMPLOYEE-SERVICE] [           main] [                                                 ] trationDelegate$BeanPostProcessorChecker : Bean 'loadBalancerRequestFactory' of type [org.springframework.cloud.client.loadbalancer.LoadBalancerRequestFactory] is not eligible for getting processed by all BeanPostProcessors (for example: not eligible for auto-proxying). Is this bean getting eagerly injected into a currently created BeanPostProcessor [lbRestClientPostProcessor]? Check the corresponding BeanPostProcessor declaration and its dependencies.
2024-01-27T23:59:12.617-03:00  WARN [EMPLOYEE-SERVICE,,] 59875 --- [EMPLOYEE-SERVICE] [           main] [                                                 ] trationDelegate$BeanPostProcessorChecker : Bean 'org.springframework.cloud.loadbalancer.config.BlockingLoadBalancerClientAutoConfiguration$BlockingLoadBalancerRetryConfig' of type [org.springframework.cloud.loadbalancer.config.BlockingLoadBalancerClientAutoConfiguration$BlockingLoadBalancerRetryConfig$$SpringCGLIB$$0] is not eligible for getting processed by all BeanPostProcessors (for example: not eligible for auto-proxying). Is this bean getting eagerly injected into a currently created BeanPostProcessor [lbRestClientPostProcessor]? Check the corresponding BeanPostProcessor declaration and its dependencies.
2024-01-27T23:59:12.622-03:00  WARN [EMPLOYEE-SERVICE,,] 59875 --- [EMPLOYEE-SERVICE] [           main] [                                                 ] trationDelegate$BeanPostProcessorChecker : Bean 'loadBalancedRetryFactory' of type [org.springframework.cloud.loadbalancer.blocking.retry.BlockingLoadBalancedRetryFactory] is not eligible for getting processed by all BeanPostProcessors (for example: not eligible for auto-proxying). Is this bean getting eagerly injected into a currently created BeanPostProcessor [lbRestClientPostProcessor]? Check the corresponding BeanPostProcessor declaration and its dependencies.
2024-01-27T23:59:12.626-03:00  WARN [EMPLOYEE-SERVICE,,] 59875 --- [EMPLOYEE-SERVICE] [           main] [                                                 ] trationDelegate$BeanPostProcessorChecker : Bean 'loadBalancerInterceptor' of type [org.springframework.cloud.client.loadbalancer.RetryLoadBalancerInterceptor] is not eligible for getting processed by all BeanPostProcessors (for example: not eligible for auto-proxying). Is this bean getting eagerly injected into a currently created BeanPostProcessor [lbRestClientPostProcessor]? Check the corresponding BeanPostProcessor declaration and its dependencies.
2024-01-27T23:59:12.631-03:00  WARN [EMPLOYEE-SERVICE,,] 59875 --- [EMPLOYEE-SERVICE] [           main] [                                                 ] trationDelegate$BeanPostProcessorChecker : Bean 'org.springframework.cloud.client.loadbalancer.reactive.LoadBalancerBeanPostProcessorAutoConfiguration' of type [org.springframework.cloud.client.loadbalancer.reactive.LoadBalancerBeanPostProcessorAutoConfiguration] is not eligible for getting processed by all BeanPostProcessors (for example: not eligible for auto-proxying). The currently created BeanPostProcessor [loadBalancerWebClientBuilderBeanPostProcessor] is declared through a non-static factory method on that class; consider declaring it as static instead.
2024-01-27T23:59:12.633-03:00  WARN [EMPLOYEE-SERVICE,,] 59875 --- [EMPLOYEE-SERVICE] [           main] [                                                 ] trationDelegate$BeanPostProcessorChecker : Bean 'org.springframework.cloud.client.loadbalancer.reactive.LoadBalancerBeanPostProcessorAutoConfiguration$ReactorDeferringLoadBalancerFilterConfig' of type [org.springframework.cloud.client.loadbalancer.reactive.LoadBalancerBeanPostProcessorAutoConfiguration$ReactorDeferringLoadBalancerFilterConfig] is not eligible for getting processed by all BeanPostProcessors (for example: not eligible for auto-proxying). Is this bean getting eagerly injected into a currently created BeanPostProcessor [loadBalancerWebClientBuilderBeanPostProcessor]? Check the corresponding BeanPostProcessor declaration and its dependencies.
2024-01-27T23:59:12.635-03:00  WARN [EMPLOYEE-SERVICE,,] 59875 --- [EMPLOYEE-SERVICE] [           main] [                                                 ] trationDelegate$BeanPostProcessorChecker : Bean 'reactorDeferringLoadBalancerExchangeFilterFunction' of type [org.springframework.cloud.client.loadbalancer.reactive.DeferringLoadBalancerExchangeFilterFunction] is not eligible for getting processed by all BeanPostProcessors (for example: not eligible for auto-proxying). Is this bean getting eagerly injected into a currently created BeanPostProcessor [loadBalancerWebClientBuilderBeanPostProcessor]? Check the corresponding BeanPostProcessor declaration and its dependencies.
2024-01-27T23:59:12.788-03:00  INFO [EMPLOYEE-SERVICE,,] 59875 --- [EMPLOYEE-SERVICE] [           main] [                                                 ] o.hibernate.jpa.internal.util.LogHelper  : HHH000204: Processing PersistenceUnitInfo [name: default]
2024-01-27T23:59:12.825-03:00  INFO [EMPLOYEE-SERVICE,,] 59875 --- [EMPLOYEE-SERVICE] [           main] [                                                 ] org.hibernate.Version                    : HHH000412: Hibernate ORM core version 6.4.1.Final
2024-01-27T23:59:12.849-03:00  INFO [EMPLOYEE-SERVICE,,] 59875 --- [EMPLOYEE-SERVICE] [           main] [                                                 ] o.h.c.internal.RegionFactoryInitiator    : HHH000026: Second-level cache disabled
2024-01-27T23:59:13.035-03:00  INFO [EMPLOYEE-SERVICE,,] 59875 --- [EMPLOYEE-SERVICE] [           main] [                                                 ] o.s.o.j.p.SpringPersistenceUnitInfo      : No LoadTimeWeaver setup: ignoring JPA class transformer
2024-01-27T23:59:13.059-03:00  INFO [EMPLOYEE-SERVICE,,] 59875 --- [EMPLOYEE-SERVICE] [           main] [                                                 ] com.zaxxer.hikari.HikariDataSource       : HikariPool-1 - Starting...
2024-01-27T23:59:13.390-03:00  INFO [EMPLOYEE-SERVICE,,] 59875 --- [EMPLOYEE-SERVICE] [           main] [                                                 ] com.zaxxer.hikari.pool.HikariPool        : HikariPool-1 - Added connection com.mysql.cj.jdbc.ConnectionImpl@1822a61b
2024-01-27T23:59:13.392-03:00  INFO [EMPLOYEE-SERVICE,,] 59875 --- [EMPLOYEE-SERVICE] [           main] [                                                 ] com.zaxxer.hikari.HikariDataSource       : HikariPool-1 - Start completed.
2024-01-27T23:59:13.456-03:00  WARN [EMPLOYEE-SERVICE,,] 59875 --- [EMPLOYEE-SERVICE] [           main] [                                                 ] org.hibernate.orm.deprecation            : HHH90000025: MySQLDialect does not need to be specified explicitly using 'hibernate.dialect' (remove the property setting and it will be selected by default)
2024-01-27T23:59:14.267-03:00  INFO [EMPLOYEE-SERVICE,,] 59875 --- [EMPLOYEE-SERVICE] [           main] [                                                 ] o.h.e.t.j.p.i.JtaPlatformInitiator       : HHH000489: No JTA platform available (set 'hibernate.transaction.jta.platform' to enable JTA platform integration)
2024-01-27T23:59:14.332-03:00  INFO [EMPLOYEE-SERVICE,,] 59875 --- [EMPLOYEE-SERVICE] [           main] [                                                 ] j.LocalContainerEntityManagerFactoryBean : Initialized JPA EntityManagerFactory for persistence unit 'default'
2024-01-27T23:59:15.150-03:00  WARN [EMPLOYEE-SERVICE,,] 59875 --- [EMPLOYEE-SERVICE] [           main] [                                                 ] JpaBaseConfiguration$JpaWebConfiguration : spring.jpa.open-in-view is enabled by default. Therefore, database queries may be performed during view rendering. Explicitly configure spring.jpa.open-in-view to disable this warning
2024-01-27T23:59:15.484-03:00  INFO [EMPLOYEE-SERVICE,,] 59875 --- [EMPLOYEE-SERVICE] [           main] [                                                 ] o.s.c.openfeign.FeignClientFactoryBean   : For 'DEPARTMENT-SERVICE' URL not provided. Will try picking an instance via load-balancing.
2024-01-27T23:59:15.829-03:00 DEBUG [EMPLOYEE-SERVICE,,] 59875 --- [EMPLOYEE-SERVICE] [           main] [                                                 ] s.w.s.m.m.a.RequestMappingHandlerMapping : 5 mappings in 'requestMappingHandlerMapping'
2024-01-27T23:59:15.907-03:00 DEBUG [EMPLOYEE-SERVICE,,] 59875 --- [EMPLOYEE-SERVICE] [           main] [                                                 ] o.s.w.s.handler.SimpleUrlHandlerMapping  : Patterns [/webjars/**, /**] in 'resourceHandlerMapping'
2024-01-27T23:59:15.956-03:00 DEBUG [EMPLOYEE-SERVICE,,] 59875 --- [EMPLOYEE-SERVICE] [           main] [                                                 ] s.w.s.m.m.a.RequestMappingHandlerAdapter : ControllerAdvice beans: 0 @ModelAttribute, 0 @InitBinder, 1 RequestBodyAdvice, 1 ResponseBodyAdvice
2024-01-27T23:59:15.999-03:00 DEBUG [EMPLOYEE-SERVICE,,] 59875 --- [EMPLOYEE-SERVICE] [           main] [                                                 ] .m.m.a.ExceptionHandlerExceptionResolver : ControllerAdvice beans: 1 @ExceptionHandler, 1 ResponseBodyAdvice
2024-01-27T23:59:16.728-03:00  INFO [EMPLOYEE-SERVICE,,] 59875 --- [EMPLOYEE-SERVICE] [           main] [                                                 ] o.s.c.s.m.DirectWithAttributesChannel    : Channel 'EMPLOYEE-SERVICE.springCloudBusInput' has 1 subscriber(s).
2024-01-27T23:59:17.233-03:00  INFO [EMPLOYEE-SERVICE,,] 59875 --- [EMPLOYEE-SERVICE] [           main] [                                                 ] DiscoveryClientOptionalArgsConfiguration : Eureka HTTP Client uses RestTemplate.
2024-01-27T23:59:17.289-03:00  WARN [EMPLOYEE-SERVICE,,] 59875 --- [EMPLOYEE-SERVICE] [           main] [                                                 ] iguration$LoadBalancerCaffeineWarnLogger : Spring Cloud LoadBalancer is currently working with the default cache. While this cache implementation is useful for development and tests, it's recommended to use Caffeine cache in production.You can switch to using Caffeine cache, by adding it and org.springframework.cache.caffeine.CaffeineCacheManager to the classpath.
2024-01-27T23:59:17.323-03:00  INFO [EMPLOYEE-SERVICE,,] 59875 --- [EMPLOYEE-SERVICE] [           main] [                                                 ] o.s.b.a.e.web.EndpointLinksResolver      : Exposing 1 endpoint(s) beneath base path '/actuator'
2024-01-27T23:59:17.450-03:00  INFO [EMPLOYEE-SERVICE,,] 59875 --- [EMPLOYEE-SERVICE] [           main] [                                                 ] o.s.i.endpoint.EventDrivenConsumer       : Adding {logging-channel-adapter:_org.springframework.integration.errorLogger} as a subscriber to the 'errorChannel' channel
2024-01-27T23:59:17.450-03:00  INFO [EMPLOYEE-SERVICE,,] 59875 --- [EMPLOYEE-SERVICE] [           main] [                                                 ] o.s.i.channel.PublishSubscribeChannel    : Channel 'EMPLOYEE-SERVICE.errorChannel' has 1 subscriber(s).
2024-01-27T23:59:17.451-03:00  INFO [EMPLOYEE-SERVICE,,] 59875 --- [EMPLOYEE-SERVICE] [           main] [                                                 ] o.s.i.endpoint.EventDrivenConsumer       : started bean '_org.springframework.integration.errorLogger'
2024-01-27T23:59:17.460-03:00  INFO [EMPLOYEE-SERVICE,,] 59875 --- [EMPLOYEE-SERVICE] [           main] [                                                 ] o.s.c.n.eureka.InstanceInfoFactory       : Setting initial instance status as: STARTING
2024-01-27T23:59:17.553-03:00  INFO [EMPLOYEE-SERVICE,,] 59875 --- [EMPLOYEE-SERVICE] [           main] [                                                 ] com.netflix.discovery.DiscoveryClient    : Initializing Eureka in region us-east-1
2024-01-27T23:59:17.557-03:00  INFO [EMPLOYEE-SERVICE,,] 59875 --- [EMPLOYEE-SERVICE] [           main] [                                                 ] c.n.d.s.r.aws.ConfigClusterResolver      : Resolving eureka endpoints via configuration
2024-01-27T23:59:17.576-03:00  INFO [EMPLOYEE-SERVICE,,] 59875 --- [EMPLOYEE-SERVICE] [           main] [                                                 ] com.netflix.discovery.DiscoveryClient    : Disable delta property : false
2024-01-27T23:59:17.577-03:00  INFO [EMPLOYEE-SERVICE,,] 59875 --- [EMPLOYEE-SERVICE] [           main] [                                                 ] com.netflix.discovery.DiscoveryClient    : Single vip registry refresh property : null
2024-01-27T23:59:17.577-03:00  INFO [EMPLOYEE-SERVICE,,] 59875 --- [EMPLOYEE-SERVICE] [           main] [                                                 ] com.netflix.discovery.DiscoveryClient    : Force full registry fetch : false
2024-01-27T23:59:17.577-03:00  INFO [EMPLOYEE-SERVICE,,] 59875 --- [EMPLOYEE-SERVICE] [           main] [                                                 ] com.netflix.discovery.DiscoveryClient    : Application is null : false
2024-01-27T23:59:17.577-03:00  INFO [EMPLOYEE-SERVICE,,] 59875 --- [EMPLOYEE-SERVICE] [           main] [                                                 ] com.netflix.discovery.DiscoveryClient    : Registered Applications size is zero : true
2024-01-27T23:59:17.577-03:00  INFO [EMPLOYEE-SERVICE,,] 59875 --- [EMPLOYEE-SERVICE] [           main] [                                                 ] com.netflix.discovery.DiscoveryClient    : Application version is -1: true
2024-01-27T23:59:17.577-03:00  INFO [EMPLOYEE-SERVICE,,] 59875 --- [EMPLOYEE-SERVICE] [           main] [                                                 ] com.netflix.discovery.DiscoveryClient    : Getting all instance registry info from the eureka server
2024-01-27T23:59:17.642-03:00 DEBUG [EMPLOYEE-SERVICE,,] 59875 --- [EMPLOYEE-SERVICE] [           main] [                                                 ] o.s.web.client.RestTemplate              : HTTP GET http://localhost:8761/eureka/apps/
2024-01-27T23:59:17.677-03:00 DEBUG [EMPLOYEE-SERVICE,,] 59875 --- [EMPLOYEE-SERVICE] [           main] [                                                 ] o.s.web.client.RestTemplate              : Accept=[application/json, application/*+json]
2024-01-27T23:59:17.715-03:00 DEBUG [EMPLOYEE-SERVICE,,] 59875 --- [EMPLOYEE-SERVICE] [           main] [                                                 ] o.s.web.client.RestTemplate              : Response 200 OK
2024-01-27T23:59:17.717-03:00 DEBUG [EMPLOYEE-SERVICE,,] 59875 --- [EMPLOYEE-SERVICE] [           main] [                                                 ] o.s.web.client.RestTemplate              : Reading to [org.springframework.cloud.netflix.eureka.http.EurekaApplications]
2024-01-27T23:59:17.730-03:00  INFO [EMPLOYEE-SERVICE,,] 59875 --- [EMPLOYEE-SERVICE] [           main] [                                                 ] com.netflix.discovery.DiscoveryClient    : The response status is 200
2024-01-27T23:59:17.735-03:00  INFO [EMPLOYEE-SERVICE,,] 59875 --- [EMPLOYEE-SERVICE] [           main] [                                                 ] com.netflix.discovery.DiscoveryClient    : Starting heartbeat executor: renew interval is: 30
2024-01-27T23:59:17.740-03:00  INFO [EMPLOYEE-SERVICE,,] 59875 --- [EMPLOYEE-SERVICE] [           main] [                                                 ] c.n.discovery.InstanceInfoReplicator     : InstanceInfoReplicator onDemand update allowed rate per min is 4
2024-01-27T23:59:17.749-03:00  INFO [EMPLOYEE-SERVICE,,] 59875 --- [EMPLOYEE-SERVICE] [           main] [                                                 ] com.netflix.discovery.DiscoveryClient    : Discovery Client initialized at timestamp 1706410757749 with initial instances count: 3
2024-01-27T23:59:17.757-03:00  INFO [EMPLOYEE-SERVICE,,] 59875 --- [EMPLOYEE-SERVICE] [           main] [                                                 ] o.s.c.n.e.s.EurekaServiceRegistry        : Registering application EMPLOYEE-SERVICE with eureka with status UP
2024-01-27T23:59:17.758-03:00  INFO [EMPLOYEE-SERVICE,,] 59875 --- [EMPLOYEE-SERVICE] [           main] [                                                 ] com.netflix.discovery.DiscoveryClient    : Saw local status change event StatusChangeEvent [timestamp=1706410757758, current=UP, previous=STARTING]
2024-01-27T23:59:17.759-03:00  INFO [EMPLOYEE-SERVICE,,] 59875 --- [EMPLOYEE-SERVICE] [nfoReplicator-0] [                                                 ] com.netflix.discovery.DiscoveryClient    : DiscoveryClient_EMPLOYEE-SERVICE/192.168.1.11:EMPLOYEE-SERVICE:8081: registering service...
2024-01-27T23:59:17.761-03:00  INFO [EMPLOYEE-SERVICE,,] 59875 --- [EMPLOYEE-SERVICE] [           main] [                                                 ] o.s.c.s.binder.DefaultBinderFactory      : Creating binder: rabbit
2024-01-27T23:59:17.761-03:00  INFO [EMPLOYEE-SERVICE,,] 59875 --- [EMPLOYEE-SERVICE] [           main] [                                                 ] o.s.c.s.binder.DefaultBinderFactory      : Constructing binder child context for rabbit
2024-01-27T23:59:17.764-03:00 DEBUG [EMPLOYEE-SERVICE,,] 59875 --- [EMPLOYEE-SERVICE] [nfoReplicator-0] [                                                 ] o.s.web.client.RestTemplate              : HTTP POST http://localhost:8761/eureka/apps/EMPLOYEE-SERVICE
2024-01-27T23:59:17.766-03:00 DEBUG [EMPLOYEE-SERVICE,,] 59875 --- [EMPLOYEE-SERVICE] [nfoReplicator-0] [                                                 ] o.s.web.client.RestTemplate              : Accept=[application/json, application/*+json]
2024-01-27T23:59:17.776-03:00 DEBUG [EMPLOYEE-SERVICE,,] 59875 --- [EMPLOYEE-SERVICE] [nfoReplicator-0] [                                                 ] o.s.web.client.RestTemplate              : Writing [InstanceInfo [instanceId = 192.168.1.11:EMPLOYEE-SERVICE:8081, appName = EMPLOYEE-SERVICE, hostName = 192.168.1.11, status = UP, ipAddr = 192.168.1.11, port = 8081, securePort = 443, dataCenterInfo = com.netflix.appinfo.MyDataCenterInfo@4d0042eb] as "application/json"
2024-01-27T23:59:17.795-03:00 DEBUG [EMPLOYEE-SERVICE,,] 59875 --- [EMPLOYEE-SERVICE] [nfoReplicator-0] [                                                 ] o.s.web.client.RestTemplate              : Response 204 NO_CONTENT
2024-01-27T23:59:17.796-03:00  INFO [EMPLOYEE-SERVICE,,] 59875 --- [EMPLOYEE-SERVICE] [nfoReplicator-0] [                                                 ] com.netflix.discovery.DiscoveryClient    : DiscoveryClient_EMPLOYEE-SERVICE/192.168.1.11:EMPLOYEE-SERVICE:8081 - registration status: 204
2024-01-27T23:59:17.834-03:00  INFO [EMPLOYEE-SERVICE,,] 59875 --- [EMPLOYEE-SERVICE] [           main] [                                                 ] o.s.c.s.binder.DefaultBinderFactory      : Caching the binder: rabbit
2024-01-27T23:59:17.879-03:00  INFO [EMPLOYEE-SERVICE,,] 59875 --- [EMPLOYEE-SERVICE] [           main] [                                                 ] c.s.b.r.p.RabbitExchangeQueueProvisioner : declaring queue for inbound: springCloudBus.anonymous.8f_JL111SLO7xHxbjr4azw, bound to: springCloudBus
2024-01-27T23:59:17.884-03:00  INFO [EMPLOYEE-SERVICE,,] 59875 --- [EMPLOYEE-SERVICE] [           main] [                                                 ] o.s.a.r.c.CachingConnectionFactory       : Attempting to connect to: [localhost:5672]
2024-01-27T23:59:17.935-03:00  INFO [EMPLOYEE-SERVICE,,] 59875 --- [EMPLOYEE-SERVICE] [           main] [                                                 ] o.s.a.r.c.CachingConnectionFactory       : Created new connection: rabbitConnectionFactory#62db3787:0/SimpleConnection@42ef0b7c [delegate=amqp://guest@127.0.0.1:5672/, localPort=50236]
2024-01-27T23:59:17.981-03:00  INFO [EMPLOYEE-SERVICE,,] 59875 --- [EMPLOYEE-SERVICE] [           main] [                                                 ] o.s.c.stream.binder.BinderErrorChannel   : Channel 'rabbit-1644832549.springCloudBusInput.errors' has 1 subscriber(s).
2024-01-27T23:59:17.982-03:00  INFO [EMPLOYEE-SERVICE,,] 59875 --- [EMPLOYEE-SERVICE] [           main] [                                                 ] o.s.c.stream.binder.BinderErrorChannel   : Channel 'rabbit-1644832549.springCloudBusInput.errors' has 2 subscriber(s).
2024-01-27T23:59:17.997-03:00  INFO [EMPLOYEE-SERVICE,,] 59875 --- [EMPLOYEE-SERVICE] [           main] [                                                 ] o.s.i.a.i.AmqpInboundChannelAdapter      : started bean 'inbound.springCloudBus.anonymous.8f_JL111SLO7xHxbjr4azw'
2024-01-27T23:59:18.032-03:00  INFO [EMPLOYEE-SERVICE,,] 59875 --- [EMPLOYEE-SERVICE] [           main] [                                                 ] c.m.e.EmployeeServiceApplicationTests    : Started EmployeeServiceApplicationTests in 8.663 seconds (process running for 10.409)
]]></system-out>
  </testcase>
</testsuite>